2025-03-09 21:57:31 [TestNG-tests-1] INFO  Log - Starting WebDriver...
2025-03-09 21:57:34 [TestNG-tests-1] INFO  Log - Navigating to URL...
2025-03-09 21:57:35 [TestNG-tests-1] INFO  Log - Starting login test...
2025-03-09 21:57:35 [TestNG-tests-1] INFO  Log - Adding credentials
2025-03-09 21:57:36 [TestNG-tests-1] INFO  Log - Clicking login button..
2025-03-09 21:57:36 [TestNG-tests-1] INFO  Log - Verifying page title
2025-03-09 21:57:36 [TestNG-tests-1] INFO  Log - Closing Browser...
2025-03-09 21:57:37 [TestNG-tests-1] INFO  Log - Starting WebDriver...
2025-03-09 21:57:39 [TestNG-tests-1] INFO  Log - Navigating to URL...
2025-03-09 21:57:40 [TestNG-tests-1] INFO  Log - Starting login test...
2025-03-09 21:57:40 [TestNG-tests-1] INFO  Log - Adding credentials
2025-03-09 21:57:41 [TestNG-tests-1] INFO  Log - Clicking login button..
2025-03-09 21:57:41 [TestNG-tests-1] INFO  Log - Verifying page title
2025-03-09 21:57:41 [TestNG-tests-1] INFO  Log - Closing Browser...
2025-03-09 21:57:41 [TestNG-tests-1] INFO  Log - Starting WebDriver...
2025-03-09 21:57:43 [TestNG-tests-1] INFO  Log - Navigating to URL...
2025-03-09 21:57:44 [TestNG-tests-1] INFO  Log - Starting login test...
2025-03-09 21:57:44 [TestNG-tests-1] INFO  Log - Adding credentials
2025-03-09 21:57:45 [TestNG-tests-1] INFO  Log - Clicking login button..
2025-03-09 21:57:45 [TestNG-tests-1] INFO  Log - Verifying page title
2025-03-09 21:57:45 [TestNG-tests-1] INFO  Log - Closing Browser...
2025-03-09 21:57:46 [TestNG-tests-1] INFO  Log - Starting WebDriver...
2025-03-09 21:57:47 [TestNG-tests-1] INFO  Log - Navigating to URL...
2025-03-09 21:57:48 [TestNG-tests-1] INFO  Log - Starting login test...
2025-03-09 21:57:48 [TestNG-tests-1] INFO  Log - Adding credentials
2025-03-09 21:57:49 [TestNG-tests-1] INFO  Log - Clicking login button..
2025-03-09 21:57:49 [TestNG-tests-1] INFO  Log - Verifying page title
2025-03-09 21:57:49 [TestNG-tests-1] INFO  Log - Closing Browser...
2025-03-09 22:05:51 [main] INFO  Log - Starting WebDriver...
2025-03-09 22:05:53 [main] INFO  Log - Navigating to URL...
2025-03-09 22:05:54 [main] INFO  Log - Starting login test...
2025-03-09 22:05:54 [main] INFO  Log - Adding credentials
2025-03-09 22:05:55 [main] INFO  Log - Clicking login button..
2025-03-09 22:05:56 [main] INFO  Log - Verifying page title
2025-03-09 22:05:56 [main] INFO  Log - Closing Browser...
2025-03-09 23:17:10 [main] INFO  Log - Starting WebDriver...
2025-03-09 23:17:14 [main] INFO  Log - Navigating to URL...
2025-03-09 23:17:15 [main] INFO  Log - Starting login test...
2025-03-09 23:17:15 [main] INFO  Log - Adding credentials
2025-03-09 23:21:32 [main] INFO  Log - Starting WebDriver...
2025-03-09 23:21:35 [main] INFO  Log - Navigating to URL...
2025-03-09 23:21:36 [main] INFO  Log - Starting login test...
2025-03-09 23:21:36 [main] INFO  Log - Adding credentials
2025-03-09 23:24:31 [main] INFO  Log - Starting WebDriver...
2025-03-09 23:24:37 [main] INFO  Log - Navigating to URL...
2025-03-09 23:24:58 [main] INFO  Log - Starting login test...
2025-03-09 23:25:06 [main] INFO  Log - Adding credentials
